2025-11-23 21:10:02,497 - INFO - Таблицы БД созданы/проверены
2025-11-23 21:10:02,498 - INFO - Система инициализирована успешно
2025-11-23 21:10:05,540 - INFO - Вход библиотекаря Администратор
2025-11-23 21:10:10,095 - INFO - Подключение к БД закрыто
2025-11-23 21:10:10,107 - INFO - Приложение закрыто
2025-11-23 21:12:18,031 - INFO - Таблицы БД созданы/проверены
2025-11-23 21:12:18,032 - INFO - Система инициализирована успешно
2025-11-23 21:12:31,548 - INFO - Вход библиотекаря Администратор
2025-11-23 21:12:52,377 - INFO - Подключение к БД закрыто
2025-11-23 21:12:52,389 - INFO - Приложение закрыто
2025-11-23 21:16:03,314 - INFO - Таблицы БД созданы/проверены
2025-11-23 21:16:03,315 - INFO - Система инициализирована успешно
2025-11-23 21:16:05,628 - INFO - Вход библиотекаря Администратор
2025-11-23 21:16:10,641 - INFO - Подключение к БД закрыто
2025-11-23 21:16:10,654 - INFO - Приложение закрыто
2025-11-23 21:18:02,080 - INFO - Таблицы БД созданы/проверены
2025-11-23 21:18:02,082 - INFO - Система инициализирована успешно
2025-11-23 21:18:03,998 - INFO - Вход библиотекаря Администратор
2025-11-23 21:23:11,904 - INFO - Книга 'Преступление и наказание' выдана Мария Петрова
2025-11-23 21:24:17,499 - INFO - Подключение к БД закрыто
2025-11-23 21:24:17,511 - INFO - Приложение закрыто
2025-11-23 21:41:58,455 - INFO - Таблицы БД созданы/проверены
2025-11-23 21:41:58,456 - INFO - Система инициализирована успешно
2025-11-23 21:41:58,464 - INFO - Демо-данные добавлены
2025-11-23 21:41:58,479 - INFO - Книга 'Unique Book Title' добавлена
2025-11-23 21:41:58,487 - INFO - Книга с ID 3 отредактирована
2025-11-23 21:41:58,494 - INFO - Книга с ID 3 удалена
2025-11-23 21:41:58,495 - INFO - Подключение к БД закрыто
2025-11-23 21:41:58,570 - INFO - Таблицы БД созданы/проверены
2025-11-23 21:41:58,570 - INFO - Система инициализирована успешно
2025-11-23 21:41:58,579 - INFO - Демо-данные добавлены
2025-11-23 21:41:58,593 - INFO - Пользователь 'Borrower' зарегистрирован
2025-11-23 21:41:58,602 - INFO - Книга 'Borrowable' добавлена
2025-11-23 21:41:58,609 - INFO - Книга 'Borrowable' выдана Borrower
2025-11-23 21:41:58,610 - INFO - Подключение к БД закрыто
2025-11-23 21:41:58,686 - INFO - Таблицы БД созданы/проверены
2025-11-23 21:41:58,687 - INFO - Система инициализирована успешно
2025-11-23 21:41:58,694 - INFO - Демо-данные добавлены
2025-11-23 21:41:58,709 - INFO - Пользователь 'L1' зарегистрирован
2025-11-23 21:41:58,717 - INFO - Книга 'LoadBook1' добавлена
2025-11-23 21:41:58,725 - INFO - Книга 'LoadBook2' добавлена
2025-11-23 21:41:58,732 - INFO - Книга 'LoadBook1' выдана L1
2025-11-23 21:41:58,734 - INFO - Таблицы БД созданы/проверены
2025-11-23 21:41:58,735 - INFO - Система инициализирована успешно
2025-11-23 21:41:58,735 - INFO - Подключение к БД закрыто
2025-11-23 21:41:58,735 - INFO - Подключение к БД закрыто
2025-11-23 21:41:58,810 - INFO - Таблицы БД созданы/проверены
2025-11-23 21:41:58,811 - INFO - Система инициализирована успешно
2025-11-23 21:41:58,818 - INFO - Демо-данные добавлены
2025-11-23 21:41:58,824 - INFO - Подключение к БД закрыто
2025-11-23 21:41:58,899 - INFO - Таблицы БД созданы/проверены
2025-11-23 21:41:58,900 - INFO - Система инициализирована успешно
2025-11-23 21:41:58,907 - INFO - Демо-данные добавлены
2025-11-23 21:41:58,921 - INFO - Пользователь 'Test User' зарегистрирован
2025-11-23 21:41:58,928 - INFO - Пользователь с ID 3 отредактирован
2025-11-23 21:41:58,935 - INFO - Пользователь с ID 3 удален
2025-11-23 21:41:58,935 - INFO - Подключение к БД закрыто
2025-11-23 21:41:59,010 - INFO - Таблицы БД созданы/проверены
2025-11-23 21:41:59,011 - INFO - Система инициализирована успешно
2025-11-23 21:41:59,018 - INFO - Демо-данные добавлены
2025-11-23 21:41:59,026 - INFO - Подключение к БД закрыто
2025-11-23 22:02:07,443 - INFO - Таблицы БД созданы/проверены
2025-11-23 22:02:07,445 - INFO - Система инициализирована успешно
2025-11-23 22:02:07,453 - INFO - Демо-данные добавлены
2025-11-23 22:02:07,469 - INFO - Книга 'Unique Book Title' добавлена
2025-11-23 22:02:07,477 - INFO - Книга с ID 3 отредактирована
2025-11-23 22:02:07,484 - INFO - Книга с ID 3 удалена
2025-11-23 22:02:07,485 - INFO - Подключение к БД закрыто
2025-11-23 22:02:07,559 - INFO - Таблицы БД созданы/проверены
2025-11-23 22:02:07,560 - INFO - Система инициализирована успешно
2025-11-23 22:02:07,568 - INFO - Демо-данные добавлены
2025-11-23 22:02:07,582 - INFO - Пользователь 'Borrower' зарегистрирован
2025-11-23 22:02:07,591 - INFO - Книга 'Borrowable' добавлена
2025-11-23 22:02:07,598 - INFO - Книга 'Borrowable' выдана Borrower
2025-11-23 22:02:07,606 - INFO - Книга 'Borrowable' возвращена Borrower
2025-11-23 22:02:07,607 - INFO - Подключение к БД закрыто
2025-11-23 22:02:07,681 - INFO - Таблицы БД созданы/проверены
2025-11-23 22:02:07,682 - INFO - Система инициализирована успешно
2025-11-23 22:02:07,689 - INFO - Демо-данные добавлены
2025-11-23 22:02:07,703 - INFO - Пользователь 'L1' зарегистрирован
2025-11-23 22:02:07,710 - INFO - Книга 'LoadBook1' добавлена
2025-11-23 22:02:07,718 - INFO - Книга 'LoadBook2' добавлена
2025-11-23 22:02:07,726 - INFO - Книга 'LoadBook1' выдана L1
2025-11-23 22:02:07,728 - INFO - Таблицы БД созданы/проверены
2025-11-23 22:02:07,728 - INFO - Система инициализирована успешно
2025-11-23 22:02:07,729 - INFO - Подключение к БД закрыто
2025-11-23 22:02:07,729 - INFO - Подключение к БД закрыто
2025-11-23 22:02:07,804 - INFO - Таблицы БД созданы/проверены
2025-11-23 22:02:07,804 - INFO - Система инициализирована успешно
2025-11-23 22:02:07,812 - INFO - Демо-данные добавлены
2025-11-23 22:02:07,820 - INFO - Подключение к БД закрыто
2025-11-23 22:02:07,895 - INFO - Таблицы БД созданы/проверены
2025-11-23 22:02:07,895 - INFO - Система инициализирована успешно
2025-11-23 22:02:07,903 - INFO - Демо-данные добавлены
2025-11-23 22:02:07,918 - INFO - Пользователь 'Test User' зарегистрирован
2025-11-23 22:02:07,925 - INFO - Пользователь с ID 3 отредактирован
2025-11-23 22:02:07,932 - INFO - Пользователь с ID 3 удален
2025-11-23 22:02:07,932 - INFO - Подключение к БД закрыто
2025-11-23 22:02:08,008 - INFO - Таблицы БД созданы/проверены
2025-11-23 22:02:08,009 - INFO - Система инициализирована успешно
2025-11-23 22:02:08,016 - INFO - Демо-данные добавлены
2025-11-23 22:02:08,024 - INFO - Подключение к БД закрыто
2025-11-23 22:32:31,414 - INFO - Таблицы БД созданы/проверены
2025-11-23 22:32:31,415 - INFO - Система инициализирована успешно
2025-11-23 22:33:28,998 - INFO - Вход библиотекаря Администратор
2025-11-23 23:13:05,831 - INFO - Книга 'Анна Каренина' добавлена
2025-11-23 23:13:31,796 - INFO - Пользователь 'Иван Абрамов' зарегистрирован
2025-11-23 23:17:42,882 - INFO - Книга 'Анна Каренина' выдана Иван Абрамов
2025-11-23 23:20:15,225 - INFO - Пользователь вышел
2025-11-23 23:20:17,125 - INFO - Подключение к БД закрыто
2025-11-23 23:20:17,135 - INFO - Приложение закрыто
